# JRE version: OpenJDK Runtime Environment (17.0.6) (build 17.0.6+0-b2043.56-10027231)
# Java VM: OpenJDK 64-Bit Server VM (17.0.6+0-b2043.56-10027231, mixed mode, tiered, compressed oops, compressed class ptrs, g1 gc, windows-amd64)
GC Precious Log:
 CPUs: 4 total, 4 available
 Memory: 8025M
 Large Page Support: Disabled
 NUMA Support: Disabled
 Compressed Oops: Enabled (32-bit)
 Heap Region Size: 1M
 Heap Min Capacity: 8M
 Heap Initial Capacity: 126M
 Heap Max Capacity: 2G
 Pre-touch: Disabled
 Parallel Workers: 4
 Concurrent Workers: 1
 Concurrent Refinement Workers: 4
 Periodic GC: Disabled
Heap:
 garbage-first heap   total 146432K, used 87643K [0x0000000080000000, 0x0000000100000000)
  region size 1024K, 12 young (12288K), 6 survivors (6144K)
 Metaspace       used 92750K, committed 93568K, reserved 1130496K
  class space    used 12143K, committed 12544K, reserved 1048576K
GC Heap History (20 events):
Event: 11.695 GC heap before
{Heap before GC invocations=34 (full 0):
 garbage-first heap   total 121856K, used 84958K [0x0000000080000000, 0x0000000100000000)
  region size 1024K, 23 young (23552K), 3 survivors (3072K)
 Metaspace       used 64223K, committed 64768K, reserved 1105920K
  class space    used 8538K, committed 8768K, reserved 1048576K
}
Event: 11.700 GC heap after
{Heap after GC invocations=35 (full 0):
 garbage-first heap   total 146432K, used 60488K [0x0000000080000000, 0x0000000100000000)
  region size 1024K, 3 young (3072K), 3 survivors (3072K)
 Metaspace       used 64223K, committed 64768K, reserved 1105920K
  class space    used 8538K, committed 8768K, reserved 1048576K
}
Event: 11.793 GC heap before
{Heap before GC invocations=35 (full 0):
 garbage-first heap   total 146432K, used 64584K [0x0000000080000000, 0x0000000100000000)
  region size 1024K, 7 young (7168K), 3 survivors (3072K)
 Metaspace       used 64635K, committed 65216K, reserved 1105920K
  class space    used 8591K, committed 8832K, reserved 1048576K
}
Event: 11.796 GC heap after
{Heap after GC invocations=36 (full 0):
 garbage-first heap   total 146432K, used 60674K [0x0000000080000000, 0x0000000100000000)
  region size 1024K, 1 young (1024K), 1 survivors (1024K)
 Metaspace       used 64635K, committed 65216K, reserved 1105920K
  class space    used 8591K, committed 8832K, reserved 1048576K
}
Event: 12.520 GC heap before
{Heap before GC invocations=36 (full 0):
 garbage-first heap   total 146432K, used 100610K [0x0000000080000000, 0x0000000100000000)
  region size 1024K, 40 young (40960K), 1 survivors (1024K)
 Metaspace       used 68283K, committed 68864K, reserved 1114112K
  class space    used 9064K, committed 9344K, reserved 1048576K
}
Event: 12.525 GC heap after
{Heap after GC invocations=37 (full 0):
 garbage-first heap   total 146432K, used 63456K [0x0000000080000000, 0x0000000100000000)
  region size 1024K, 4 young (4096K), 4 survivors (4096K)
 Metaspace       used 68283K, committed 68864K, reserved 1114112K
  class space    used 9064K, committed 9344K, reserved 1048576K
}
Event: 13.095 GC heap before
{Heap before GC invocations=37 (full 0):
 garbage-first heap   total 146432K, used 104416K [0x0000000080000000, 0x0000000100000000)
  region size 1024K, 45 young (46080K), 4 survivors (4096K)
 Metaspace       used 72740K, committed 73408K, reserved 1114112K
  class space    used 9656K, committed 9984K, reserved 1048576K
}
Event: 13.103 GC heap after
{Heap after GC invocations=38 (full 0):
 garbage-first heap   total 146432K, used 68048K [0x0000000080000000, 0x0000000100000000)
  region size 1024K, 6 young (6144K), 6 survivors (6144K)
 Metaspace       used 72740K, committed 73408K, reserved 1114112K
  class space    used 9656K, committed 9984K, reserved 1048576K
}
Event: 14.153 GC heap before
{Heap before GC invocations=38 (full 0):
 garbage-first heap   total 146432K, used 109008K [0x0000000080000000, 0x0000000100000000)
  region size 1024K, 46 young (47104K), 6 survivors (6144K)
 Metaspace       used 77052K, committed 77696K, reserved 1122304K
  class space    used 10277K, committed 10560K, reserved 1048576K
}
Event: 14.161 GC heap after
{Heap after GC invocations=39 (full 0):
 garbage-first heap   total 146432K, used 70160K [0x0000000080000000, 0x0000000100000000)
  region size 1024K, 3 young (3072K), 3 survivors (3072K)
 Metaspace       used 77052K, committed 77696K, reserved 1122304K
  class space    used 10277K, committed 10560K, reserved 1048576K
}
Event: 15.223 GC heap before
{Heap before GC invocations=39 (full 0):
 garbage-first heap   total 146432K, used 111120K [0x0000000080000000, 0x0000000100000000)
  region size 1024K, 43 young (44032K), 3 survivors (3072K)
 Metaspace       used 81889K, committed 82624K, reserved 1122304K
  class space    used 11139K, committed 11520K, reserved 1048576K
}
Event: 15.228 GC heap after
{Heap after GC invocations=40 (full 0):
 garbage-first heap   total 146432K, used 72391K [0x0000000080000000, 0x0000000100000000)
  region size 1024K, 5 young (5120K), 5 survivors (5120K)
 Metaspace       used 81889K, committed 82624K, reserved 1122304K
  class space    used 11139K, committed 11520K, reserved 1048576K
}
Event: 180.671 GC heap before
{Heap before GC invocations=40 (full 0):
 garbage-first heap   total 146432K, used 114375K [0x0000000080000000, 0x0000000100000000)
  region size 1024K, 46 young (47104K), 5 survivors (5120K)
 Metaspace       used 88734K, committed 89536K, reserved 1130496K
  class space    used 11743K, committed 12096K, reserved 1048576K
}
Event: 180.683 GC heap after
{Heap after GC invocations=41 (full 0):
 garbage-first heap   total 146432K, used 76326K [0x0000000080000000, 0x0000000100000000)
  region size 1024K, 6 young (6144K), 6 survivors (6144K)
 Metaspace       used 88734K, committed 89536K, reserved 1130496K
  class space    used 11743K, committed 12096K, reserved 1048576K
}
Event: 2182.668 GC heap before
{Heap before GC invocations=41 (full 0):
 garbage-first heap   total 146432K, used 115238K [0x0000000080000000, 0x0000000100000000)
  region size 1024K, 44 young (45056K), 6 survivors (6144K)
 Metaspace       used 88995K, committed 89728K, reserved 1130496K
  class space    used 11743K, committed 12096K, reserved 1048576K
}
Event: 2182.799 GC heap after
{Heap after GC invocations=42 (full 0):
 garbage-first heap   total 146432K, used 77403K [0x0000000080000000, 0x0000000100000000)
  region size 1024K, 1 young (1024K), 1 survivors (1024K)
 Metaspace       used 88995K, committed 89728K, reserved 1130496K
  class space    used 11743K, committed 12096K, reserved 1048576K
}
Event: 3068.872 GC heap before
{Heap before GC invocations=42 (full 0):
 garbage-first heap   total 146432K, used 120411K [0x0000000080000000, 0x0000000100000000)
  region size 1024K, 41 young (41984K), 1 survivors (1024K)
 Metaspace       used 90827K, committed 91584K, reserved 1130496K
  class space    used 11942K, committed 12288K, reserved 1048576K
}
Event: 3068.885 GC heap after
{Heap after GC invocations=43 (full 0):
 garbage-first heap   total 146432K, used 78564K [0x0000000080000000, 0x0000000100000000)
  region size 1024K, 3 young (3072K), 3 survivors (3072K)
 Metaspace       used 90827K, committed 91584K, reserved 1130496K
  class space    used 11942K, committed 12288K, reserved 1048576K
}
Event: 3073.925 GC heap before
{Heap before GC invocations=43 (full 0):
 garbage-first heap   total 146432K, used 117476K [0x0000000080000000, 0x0000000100000000)
  region size 1024K, 42 young (43008K), 3 survivors (3072K)
 Metaspace       used 92450K, committed 93184K, reserved 1130496K
  class space    used 12108K, committed 12480K, reserved 1048576K
}
Event: 3073.941 GC heap after
{Heap after GC invocations=44 (full 0):
 garbage-first heap   total 146432K, used 82523K [0x0000000080000000, 0x0000000100000000)
  region size 1024K, 6 young (6144K), 6 survivors (6144K)
 Metaspace       used 92450K, committed 93184K, reserved 1130496K
  class space    used 12108K, committed 12480K, reserved 1048576K
}

